<?xml version="1.0" encoding="UTF-8"?>
<testsuite name="demo.DemoTest" tests="1" skipped="0" failures="0" errors="0" timestamp="2019-05-09T12:30:33" hostname="AMAC02S2AU3G8WN" time="2.118">
  <properties/>
  <testcase name="statusCodeVerification" classname="demo.DemoTest" time="2.118"/>
  <system-out><![CDATA[]]></system-out>
  <system-err><![CDATA[]]></system-err>
</testsuite>
